-- The C compiler identification is GNU 11.4.0
-- The CXX compiler identification is GNU 11.4.0
-- Detecting C compiler ABI info
-- Detecting C compiler ABI info - done
-- Check for working C compiler: /usr/bin/cc - skipped
-- Detecting C compile features
-- Detecting C compile features - done
-- Detecting CXX compiler ABI info
-- Detecting CXX compiler ABI info - done
-- Check for working CXX compiler: /usr/bin/c++ - skipped
-- Detecting CXX compile features
-- Detecting CXX compile features - done
-- Found ament_cmake: 1.3.8 (/opt/ros/humble/share/ament_cmake/cmake)
-- Found Python3: /usr/bin/python3 (found version "3.10.12") found components: Interpreter 
-- Configuring done
-- Generating done
-- Build files have been written to: /home/barracuda/icra_ws/src/icra_foodly_custom/build/foodly_rd
-- Install configuration: ""
-- Installing: /home/barracuda/icra_ws/src/icra_foodly_custom/install/foodly_rd/share/ament_index/resource_index/package_run_dependencies/foodly_rd
-- Installing: /home/barracuda/icra_ws/src/icra_foodly_custom/install/foodly_rd/share/ament_index/resource_index/parent_prefix_path/foodly_rd
-- Installing: /home/barracuda/icra_ws/src/icra_foodly_custom/install/foodly_rd/share/foodly_rd/environment/ament_prefix_path.sh
-- Installing: /home/barracuda/icra_ws/src/icra_foodly_custom/install/foodly_rd/share/foodly_rd/environment/ament_prefix_path.dsv
-- Installing: /home/barracuda/icra_ws/src/icra_foodly_custom/install/foodly_rd/share/foodly_rd/environment/path.sh
-- Installing: /home/barracuda/icra_ws/src/icra_foodly_custom/install/foodly_rd/share/foodly_rd/environment/path.dsv
-- Installing: /home/barracuda/icra_ws/src/icra_foodly_custom/install/foodly_rd/share/foodly_rd/local_setup.bash
-- Installing: /home/barracuda/icra_ws/src/icra_foodly_custom/install/foodly_rd/share/foodly_rd/local_setup.sh
-- Installing: /home/barracuda/icra_ws/src/icra_foodly_custom/install/foodly_rd/share/foodly_rd/local_setup.zsh
-- Installing: /home/barracuda/icra_ws/src/icra_foodly_custom/install/foodly_rd/share/foodly_rd/local_setup.dsv
-- Installing: /home/barracuda/icra_ws/src/icra_foodly_custom/install/foodly_rd/share/foodly_rd/package.dsv
-- Installing: /home/barracuda/icra_ws/src/icra_foodly_custom/install/foodly_rd/share/ament_index/resource_index/packages/foodly_rd
-- Installing: /home/barracuda/icra_ws/src/icra_foodly_custom/install/foodly_rd/share/foodly_rd/cmake/foodly_rdConfig.cmake
-- Installing: /home/barracuda/icra_ws/src/icra_foodly_custom/install/foodly_rd/share/foodly_rd/cmake/foodly_rdConfig-version.cmake
-- Installing: /home/barracuda/icra_ws/src/icra_foodly_custom/install/foodly_rd/share/foodly_rd/package.xml
