[0.005s] Invoking command in '/home/barracuda/icra_ws/src/icra_foodly_custom/build/foodly_rd_moveit_config': AMENT_PREFIX_PATH=/home/barracuda/icra_ws/src/icra_foodly_custom/install/foodly_rd_description:${AMENT_PREFIX_PATH} CMAKE_PREFIX_PATH=/home/barracuda/icra_ws/src/icra_foodly_custom/install/foodly_rd_description:/home/barracuda/icra_ws/install/nekonote_conveyor_control:/home/barracuda/icra_ws/install/icra_perception:/home/barracuda/icra_ws/install/foodly_rd:/home/barracuda/icra_ws/install/foodly_rd_vision:/home/barracuda/icra_ws/install/foodly_rd_tools:/home/barracuda/icra_ws/install/foodly_rd_examples:/home/barracuda/icra_ws/install/foodly_rd_moveit_config:/home/barracuda/icra_ws/install/foodly_rd_gazebo:/home/barracuda/icra_ws/install/foodly_rd_control:/home/barracuda/icra_ws/install/foodly_rd_description:/opt/ros/humble PYTHONPATH=/home/barracuda/icra_ws/src/icra_foodly_custom/install/foodly_rd_description/local/lib/python3.10/dist-packages:${PYTHONPATH} /usr/bin/cmake /home/barracuda/icra_ws/src/icra_foodly_custom/foodly_rd_moveit_config -DCMAKE_INSTALL_PREFIX=/home/barracuda/icra_ws/src/icra_foodly_custom/install/foodly_rd_moveit_config
[0.036s] -- The C compiler identification is GNU 11.4.0
[0.068s] -- The CXX compiler identification is GNU 11.4.0
[0.072s] -- Detecting C compiler ABI info
[0.111s] -- Detecting C compiler ABI info - done
[0.116s] -- Check for working C compiler: /usr/bin/cc - skipped
[0.116s] -- Detecting C compile features
[0.116s] -- Detecting C compile features - done
[0.118s] -- Detecting CXX compiler ABI info
[0.165s] -- Detecting CXX compiler ABI info - done
[0.169s] -- Check for working CXX compiler: /usr/bin/c++ - skipped
[0.169s] -- Detecting CXX compile features
[0.169s] -- Detecting CXX compile features - done
[0.171s] -- Found ament_cmake: 1.3.8 (/opt/ros/humble/share/ament_cmake/cmake)
[0.262s] -- Found Python3: /usr/bin/python3 (found version "3.10.12") found components: Interpreter 
[0.358s] -- Configuring done
[0.360s] -- Generating done
[0.360s] -- Build files have been written to: /home/barracuda/icra_ws/src/icra_foodly_custom/build/foodly_rd_moveit_config
[0.363s] Invoked command in '/home/barracuda/icra_ws/src/icra_foodly_custom/build/foodly_rd_moveit_config' returned '0': AMENT_PREFIX_PATH=/home/barracuda/icra_ws/src/icra_foodly_custom/install/foodly_rd_description:${AMENT_PREFIX_PATH} CMAKE_PREFIX_PATH=/home/barracuda/icra_ws/src/icra_foodly_custom/install/foodly_rd_description:/home/barracuda/icra_ws/install/nekonote_conveyor_control:/home/barracuda/icra_ws/install/icra_perception:/home/barracuda/icra_ws/install/foodly_rd:/home/barracuda/icra_ws/install/foodly_rd_vision:/home/barracuda/icra_ws/install/foodly_rd_tools:/home/barracuda/icra_ws/install/foodly_rd_examples:/home/barracuda/icra_ws/install/foodly_rd_moveit_config:/home/barracuda/icra_ws/install/foodly_rd_gazebo:/home/barracuda/icra_ws/install/foodly_rd_control:/home/barracuda/icra_ws/install/foodly_rd_description:/opt/ros/humble PYTHONPATH=/home/barracuda/icra_ws/src/icra_foodly_custom/install/foodly_rd_description/local/lib/python3.10/dist-packages:${PYTHONPATH} /usr/bin/cmake /home/barracuda/icra_ws/src/icra_foodly_custom/foodly_rd_moveit_config -DCMAKE_INSTALL_PREFIX=/home/barracuda/icra_ws/src/icra_foodly_custom/install/foodly_rd_moveit_config
[0.364s] Invoking command in '/home/barracuda/icra_ws/src/icra_foodly_custom/build/foodly_rd_moveit_config': AMENT_PREFIX_PATH=/home/barracuda/icra_ws/src/icra_foodly_custom/install/foodly_rd_description:${AMENT_PREFIX_PATH} CMAKE_PREFIX_PATH=/home/barracuda/icra_ws/src/icra_foodly_custom/install/foodly_rd_description:/home/barracuda/icra_ws/install/nekonote_conveyor_control:/home/barracuda/icra_ws/install/icra_perception:/home/barracuda/icra_ws/install/foodly_rd:/home/barracuda/icra_ws/install/foodly_rd_vision:/home/barracuda/icra_ws/install/foodly_rd_tools:/home/barracuda/icra_ws/install/foodly_rd_examples:/home/barracuda/icra_ws/install/foodly_rd_moveit_config:/home/barracuda/icra_ws/install/foodly_rd_gazebo:/home/barracuda/icra_ws/install/foodly_rd_control:/home/barracuda/icra_ws/install/foodly_rd_description:/opt/ros/humble PYTHONPATH=/home/barracuda/icra_ws/src/icra_foodly_custom/install/foodly_rd_description/local/lib/python3.10/dist-packages:${PYTHONPATH} /usr/bin/cmake --build /home/barracuda/icra_ws/src/icra_foodly_custom/build/foodly_rd_moveit_config -- -j12 -l12
[0.386s] Invoked command in '/home/barracuda/icra_ws/src/icra_foodly_custom/build/foodly_rd_moveit_config' returned '0': AMENT_PREFIX_PATH=/home/barracuda/icra_ws/src/icra_foodly_custom/install/foodly_rd_description:${AMENT_PREFIX_PATH} CMAKE_PREFIX_PATH=/home/barracuda/icra_ws/src/icra_foodly_custom/install/foodly_rd_description:/home/barracuda/icra_ws/install/nekonote_conveyor_control:/home/barracuda/icra_ws/install/icra_perception:/home/barracuda/icra_ws/install/foodly_rd:/home/barracuda/icra_ws/install/foodly_rd_vision:/home/barracuda/icra_ws/install/foodly_rd_tools:/home/barracuda/icra_ws/install/foodly_rd_examples:/home/barracuda/icra_ws/install/foodly_rd_moveit_config:/home/barracuda/icra_ws/install/foodly_rd_gazebo:/home/barracuda/icra_ws/install/foodly_rd_control:/home/barracuda/icra_ws/install/foodly_rd_description:/opt/ros/humble PYTHONPATH=/home/barracuda/icra_ws/src/icra_foodly_custom/install/foodly_rd_description/local/lib/python3.10/dist-packages:${PYTHONPATH} /usr/bin/cmake --build /home/barracuda/icra_ws/src/icra_foodly_custom/build/foodly_rd_moveit_config -- -j12 -l12
[0.399s] Invoking command in '/home/barracuda/icra_ws/src/icra_foodly_custom/build/foodly_rd_moveit_config': AMENT_PREFIX_PATH=/home/barracuda/icra_ws/src/icra_foodly_custom/install/foodly_rd_description:${AMENT_PREFIX_PATH} CMAKE_PREFIX_PATH=/home/barracuda/icra_ws/src/icra_foodly_custom/install/foodly_rd_description:/home/barracuda/icra_ws/install/nekonote_conveyor_control:/home/barracuda/icra_ws/install/icra_perception:/home/barracuda/icra_ws/install/foodly_rd:/home/barracuda/icra_ws/install/foodly_rd_vision:/home/barracuda/icra_ws/install/foodly_rd_tools:/home/barracuda/icra_ws/install/foodly_rd_examples:/home/barracuda/icra_ws/install/foodly_rd_moveit_config:/home/barracuda/icra_ws/install/foodly_rd_gazebo:/home/barracuda/icra_ws/install/foodly_rd_control:/home/barracuda/icra_ws/install/foodly_rd_description:/opt/ros/humble PYTHONPATH=/home/barracuda/icra_ws/src/icra_foodly_custom/install/foodly_rd_description/local/lib/python3.10/dist-packages:${PYTHONPATH} /usr/bin/cmake --install /home/barracuda/icra_ws/src/icra_foodly_custom/build/foodly_rd_moveit_config
[0.403s] -- Install configuration: ""
[0.403s] -- Installing: /home/barracuda/icra_ws/src/icra_foodly_custom/install/foodly_rd_moveit_config/share/ament_index/resource_index/package_run_dependencies/foodly_rd_moveit_config
[0.403s] -- Installing: /home/barracuda/icra_ws/src/icra_foodly_custom/install/foodly_rd_moveit_config/share/ament_index/resource_index/parent_prefix_path/foodly_rd_moveit_config
[0.403s] -- Installing: /home/barracuda/icra_ws/src/icra_foodly_custom/install/foodly_rd_moveit_config/share/foodly_rd_moveit_config/environment/ament_prefix_path.sh
[0.403s] -- Installing: /home/barracuda/icra_ws/src/icra_foodly_custom/install/foodly_rd_moveit_config/share/foodly_rd_moveit_config/environment/ament_prefix_path.dsv
[0.403s] -- Installing: /home/barracuda/icra_ws/src/icra_foodly_custom/install/foodly_rd_moveit_config/share/foodly_rd_moveit_config/environment/path.sh
[0.403s] -- Installing: /home/barracuda/icra_ws/src/icra_foodly_custom/install/foodly_rd_moveit_config/share/foodly_rd_moveit_config/environment/path.dsv
[0.403s] -- Installing: /home/barracuda/icra_ws/src/icra_foodly_custom/install/foodly_rd_moveit_config/share/foodly_rd_moveit_config/local_setup.bash
[0.403s] -- Installing: /home/barracuda/icra_ws/src/icra_foodly_custom/install/foodly_rd_moveit_config/share/foodly_rd_moveit_config/local_setup.sh
[0.404s] -- Installing: /home/barracuda/icra_ws/src/icra_foodly_custom/install/foodly_rd_moveit_config/share/foodly_rd_moveit_config/local_setup.zsh
[0.404s] -- Installing: /home/barracuda/icra_ws/src/icra_foodly_custom/install/foodly_rd_moveit_config/share/foodly_rd_moveit_config/local_setup.dsv
[0.404s] -- Installing: /home/barracuda/icra_ws/src/icra_foodly_custom/install/foodly_rd_moveit_config/share/foodly_rd_moveit_config/package.dsv
[0.404s] -- Installing: /home/barracuda/icra_ws/src/icra_foodly_custom/install/foodly_rd_moveit_config/share/ament_index/resource_index/packages/foodly_rd_moveit_config
[0.404s] -- Installing: /home/barracuda/icra_ws/src/icra_foodly_custom/install/foodly_rd_moveit_config/share/foodly_rd_moveit_config/cmake/foodly_rd_moveit_configConfig.cmake
[0.404s] -- Installing: /home/barracuda/icra_ws/src/icra_foodly_custom/install/foodly_rd_moveit_config/share/foodly_rd_moveit_config/cmake/foodly_rd_moveit_configConfig-version.cmake
[0.404s] -- Installing: /home/barracuda/icra_ws/src/icra_foodly_custom/install/foodly_rd_moveit_config/share/foodly_rd_moveit_config/package.xml
[0.404s] -- Installing: /home/barracuda/icra_ws/src/icra_foodly_custom/install/foodly_rd_moveit_config/share/foodly_rd_moveit_config/launch
[0.404s] -- Installing: /home/barracuda/icra_ws/src/icra_foodly_custom/install/foodly_rd_moveit_config/share/foodly_rd_moveit_config/launch/run_move_group.launch.py
[0.404s] -- Installing: /home/barracuda/icra_ws/src/icra_foodly_custom/install/foodly_rd_moveit_config/share/foodly_rd_moveit_config/launch/setup_assistant.launch.py
[0.404s] -- Installing: /home/barracuda/icra_ws/src/icra_foodly_custom/install/foodly_rd_moveit_config/share/foodly_rd_moveit_config/config
[0.404s] -- Installing: /home/barracuda/icra_ws/src/icra_foodly_custom/install/foodly_rd_moveit_config/share/foodly_rd_moveit_config/config/moveit.rviz
[0.404s] -- Installing: /home/barracuda/icra_ws/src/icra_foodly_custom/install/foodly_rd_moveit_config/share/foodly_rd_moveit_config/config/moveit_controllers.yaml
[0.404s] -- Installing: /home/barracuda/icra_ws/src/icra_foodly_custom/install/foodly_rd_moveit_config/share/foodly_rd_moveit_config/config/joint_limits.yaml
[0.404s] -- Installing: /home/barracuda/icra_ws/src/icra_foodly_custom/install/foodly_rd_moveit_config/share/foodly_rd_moveit_config/config/pilz_cartesian_limits.yaml
[0.404s] -- Installing: /home/barracuda/icra_ws/src/icra_foodly_custom/install/foodly_rd_moveit_config/share/foodly_rd_moveit_config/config/kinematics.yaml
[0.404s] -- Installing: /home/barracuda/icra_ws/src/icra_foodly_custom/install/foodly_rd_moveit_config/share/foodly_rd_moveit_config/config/foodly_rd.srdf
[0.405s] -- Installing: /home/barracuda/icra_ws/src/icra_foodly_custom/install/foodly_rd_moveit_config/share/foodly_rd_moveit_config/.setup_assistant
[0.406s] Invoked command in '/home/barracuda/icra_ws/src/icra_foodly_custom/build/foodly_rd_moveit_config' returned '0': AMENT_PREFIX_PATH=/home/barracuda/icra_ws/src/icra_foodly_custom/install/foodly_rd_description:${AMENT_PREFIX_PATH} CMAKE_PREFIX_PATH=/home/barracuda/icra_ws/src/icra_foodly_custom/install/foodly_rd_description:/home/barracuda/icra_ws/install/nekonote_conveyor_control:/home/barracuda/icra_ws/install/icra_perception:/home/barracuda/icra_ws/install/foodly_rd:/home/barracuda/icra_ws/install/foodly_rd_vision:/home/barracuda/icra_ws/install/foodly_rd_tools:/home/barracuda/icra_ws/install/foodly_rd_examples:/home/barracuda/icra_ws/install/foodly_rd_moveit_config:/home/barracuda/icra_ws/install/foodly_rd_gazebo:/home/barracuda/icra_ws/install/foodly_rd_control:/home/barracuda/icra_ws/install/foodly_rd_description:/opt/ros/humble PYTHONPATH=/home/barracuda/icra_ws/src/icra_foodly_custom/install/foodly_rd_description/local/lib/python3.10/dist-packages:${PYTHONPATH} /usr/bin/cmake --install /home/barracuda/icra_ws/src/icra_foodly_custom/build/foodly_rd_moveit_config
