[0.010s] Invoking command in '/home/barracuda/icra_ws/src/icra_foodly_custom/build/foodly_rd_tools': CMAKE_PREFIX_PATH=${CMAKE_PREFIX_PATH}:/opt/ros/humble /usr/bin/cmake /home/barracuda/icra_ws/src/icra_foodly_custom/foodly_rd_tools -DCMAKE_INSTALL_PREFIX=/home/barracuda/icra_ws/src/icra_foodly_custom/install/foodly_rd_tools
[0.072s] -- The C compiler identification is GNU 11.4.0
[0.132s] -- The CXX compiler identification is GNU 11.4.0
[0.139s] -- Detecting C compiler ABI info
[0.184s] -- Detecting C compiler ABI info - done
[0.191s] -- Check for working C compiler: /usr/bin/cc - skipped
[0.191s] -- Detecting C compile features
[0.191s] -- Detecting C compile features - done
[0.194s] -- Detecting CXX compiler ABI info
[0.242s] -- Detecting CXX compiler ABI info - done
[0.247s] -- Check for working CXX compiler: /usr/bin/c++ - skipped
[0.247s] -- Detecting CXX compile features
[0.247s] -- Detecting CXX compile features - done
[0.249s] -- Found ament_cmake: 1.3.8 (/opt/ros/humble/share/ament_cmake/cmake)
[0.349s] -- Found Python3: /usr/bin/python3 (found version "3.10.12") found components: Interpreter 
[0.468s] -- Configuring done
[0.471s] -- Generating done
[0.471s] -- Build files have been written to: /home/barracuda/icra_ws/src/icra_foodly_custom/build/foodly_rd_tools
[0.476s] Invoked command in '/home/barracuda/icra_ws/src/icra_foodly_custom/build/foodly_rd_tools' returned '0': CMAKE_PREFIX_PATH=${CMAKE_PREFIX_PATH}:/opt/ros/humble /usr/bin/cmake /home/barracuda/icra_ws/src/icra_foodly_custom/foodly_rd_tools -DCMAKE_INSTALL_PREFIX=/home/barracuda/icra_ws/src/icra_foodly_custom/install/foodly_rd_tools
[0.476s] Invoking command in '/home/barracuda/icra_ws/src/icra_foodly_custom/build/foodly_rd_tools': CMAKE_PREFIX_PATH=${CMAKE_PREFIX_PATH}:/opt/ros/humble /usr/bin/cmake --build /home/barracuda/icra_ws/src/icra_foodly_custom/build/foodly_rd_tools -- -j12 -l12
[0.501s] Invoked command in '/home/barracuda/icra_ws/src/icra_foodly_custom/build/foodly_rd_tools' returned '0': CMAKE_PREFIX_PATH=${CMAKE_PREFIX_PATH}:/opt/ros/humble /usr/bin/cmake --build /home/barracuda/icra_ws/src/icra_foodly_custom/build/foodly_rd_tools -- -j12 -l12
[0.519s] Invoking command in '/home/barracuda/icra_ws/src/icra_foodly_custom/build/foodly_rd_tools': CMAKE_PREFIX_PATH=${CMAKE_PREFIX_PATH}:/opt/ros/humble /usr/bin/cmake --install /home/barracuda/icra_ws/src/icra_foodly_custom/build/foodly_rd_tools
[0.524s] -- Install configuration: ""
[0.524s] -- Installing: /home/barracuda/icra_ws/src/icra_foodly_custom/install/foodly_rd_tools/lib/foodly_rd_tools//scripts
[0.524s] -- Installing: /home/barracuda/icra_ws/src/icra_foodly_custom/install/foodly_rd_tools/lib/foodly_rd_tools//scripts/search_u2d2
[0.524s] -- Installing: /home/barracuda/icra_ws/src/icra_foodly_custom/install/foodly_rd_tools/lib/foodly_rd_tools//scripts/id_list.json
[0.524s] -- Installing: /home/barracuda/icra_ws/src/icra_foodly_custom/install/foodly_rd_tools/lib/foodly_rd_tools//scripts/broadcast_def.py
[0.524s] -- Installing: /home/barracuda/icra_ws/src/icra_foodly_custom/install/foodly_rd_tools/share/ament_index/resource_index/package_run_dependencies/foodly_rd_tools
[0.524s] -- Installing: /home/barracuda/icra_ws/src/icra_foodly_custom/install/foodly_rd_tools/share/ament_index/resource_index/parent_prefix_path/foodly_rd_tools
[0.525s] -- Installing: /home/barracuda/icra_ws/src/icra_foodly_custom/install/foodly_rd_tools/share/foodly_rd_tools/environment/ament_prefix_path.sh
[0.525s] -- Installing: /home/barracuda/icra_ws/src/icra_foodly_custom/install/foodly_rd_tools/share/foodly_rd_tools/environment/ament_prefix_path.dsv
[0.525s] -- Installing: /home/barracuda/icra_ws/src/icra_foodly_custom/install/foodly_rd_tools/share/foodly_rd_tools/environment/path.sh
[0.525s] -- Installing: /home/barracuda/icra_ws/src/icra_foodly_custom/install/foodly_rd_tools/share/foodly_rd_tools/environment/path.dsv
[0.525s] -- Installing: /home/barracuda/icra_ws/src/icra_foodly_custom/install/foodly_rd_tools/share/foodly_rd_tools/local_setup.bash
[0.525s] -- Installing: /home/barracuda/icra_ws/src/icra_foodly_custom/install/foodly_rd_tools/share/foodly_rd_tools/local_setup.sh
[0.525s] -- Installing: /home/barracuda/icra_ws/src/icra_foodly_custom/install/foodly_rd_tools/share/foodly_rd_tools/local_setup.zsh
[0.525s] -- Installing: /home/barracuda/icra_ws/src/icra_foodly_custom/install/foodly_rd_tools/share/foodly_rd_tools/local_setup.dsv
[0.525s] -- Installing: /home/barracuda/icra_ws/src/icra_foodly_custom/install/foodly_rd_tools/share/foodly_rd_tools/package.dsv
[0.525s] -- Installing: /home/barracuda/icra_ws/src/icra_foodly_custom/install/foodly_rd_tools/share/ament_index/resource_index/packages/foodly_rd_tools
[0.525s] -- Installing: /home/barracuda/icra_ws/src/icra_foodly_custom/install/foodly_rd_tools/share/foodly_rd_tools/cmake/foodly_rd_toolsConfig.cmake
[0.525s] -- Installing: /home/barracuda/icra_ws/src/icra_foodly_custom/install/foodly_rd_tools/share/foodly_rd_tools/cmake/foodly_rd_toolsConfig-version.cmake
[0.526s] -- Installing: /home/barracuda/icra_ws/src/icra_foodly_custom/install/foodly_rd_tools/share/foodly_rd_tools/package.xml
[0.527s] Invoked command in '/home/barracuda/icra_ws/src/icra_foodly_custom/build/foodly_rd_tools' returned '0': CMAKE_PREFIX_PATH=${CMAKE_PREFIX_PATH}:/opt/ros/humble /usr/bin/cmake --install /home/barracuda/icra_ws/src/icra_foodly_custom/build/foodly_rd_tools
