[0.022s] Invoking command in '/home/softrobot/foodly_icra/src/icra_foodly_custom/build/custom_msg': CMAKE_PREFIX_PATH=${CMAKE_PREFIX_PATH}:/home/softrobot/ros2_ws/install/robot_hive:/home/softrobot/ros2_ws/install/my_python_pkg:/home/softrobot/ros2_ws/install/executors_py:/home/softrobot/ros2_ws/install/action_py:/home/softrobot/ros2_ws/src/install/action_py:/home/softrobot/ws_moveit2/install/moveit_configs_utils:/home/softrobot/ws_moveit2/install/launch_param_builder:/opt/ros/humble /usr/bin/cmake /home/softrobot/foodly_icra/src/icra_foodly_custom/custom_msg -DCMAKE_INSTALL_PREFIX=/home/softrobot/foodly_icra/src/icra_foodly_custom/install/custom_msg
[0.038s] [33mCMake Warning (dev) at CMakeLists.txt:13:
[0.038s]   Syntax Warning in cmake code at column 29
[0.038s] 
[0.038s]   Argument not separated from preceding token by whitespace.
[0.038s] This warning is for project developers.  Use -Wno-dev to suppress it.
[0.038s] [0m
[0.641s] -- The C compiler identification is GNU 11.4.0
[0.718s] -- The CXX compiler identification is GNU 11.4.0
[0.729s] -- Detecting C compiler ABI info
[0.842s] -- Detecting C compiler ABI info - done
[0.849s] -- Check for working C compiler: /usr/bin/cc - skipped
[0.849s] -- Detecting C compile features
[0.868s] -- Detecting C compile features - done
[0.872s] -- Detecting CXX compiler ABI info
[1.016s] -- Detecting CXX compiler ABI info - done
[1.023s] -- Check for working CXX compiler: /usr/bin/c++ - skipped
[1.023s] -- Detecting CXX compile features
[1.024s] -- Detecting CXX compile features - done
[1.037s] -- Found ament_cmake: 1.3.8 (/opt/ros/humble/share/ament_cmake/cmake)
[1.439s] -- Found Python3: /usr/bin/python3 (found version "3.10.12") found components: Interpreter 
[1.766s] -- Found rosidl_default_generators: 1.2.0 (/opt/ros/humble/share/rosidl_default_generators/cmake)
[1.791s] -- Using all available rosidl_typesupport_c: rosidl_typesupport_fastrtps_c;rosidl_typesupport_introspection_c
[1.854s] -- Found rosidl_adapter: 3.1.5 (/opt/ros/humble/share/rosidl_adapter/cmake)
[1.995s] -- Using all available rosidl_typesupport_cpp: rosidl_typesupport_fastrtps_cpp;rosidl_typesupport_introspection_cpp
[2.412s] [31mCMake Error at /opt/ros/humble/share/rosidl_cmake/cmake/rosidl_generate_interfaces.cmake:93 (message):
[2.412s]   rosidl_generate_interfaces() the passed file ',' doesn't exist relative to
[2.412s]   the CMAKE_CURRENT_SOURCE_DIR
[2.412s]   '/home/softrobot/foodly_icra/src/icra_foodly_custom/custom_msg'
[2.412s] Call Stack (most recent call first):
[2.412s]   CMakeLists.txt:12 (rosidl_generate_interfaces)
[2.412s] 
[2.412s] [0m
[2.412s] -- Configuring incomplete, errors occurred!
[2.412s] See also "/home/softrobot/foodly_icra/src/icra_foodly_custom/build/custom_msg/CMakeFiles/CMakeOutput.log".
[2.419s] Invoked command in '/home/softrobot/foodly_icra/src/icra_foodly_custom/build/custom_msg' returned '1': CMAKE_PREFIX_PATH=${CMAKE_PREFIX_PATH}:/home/softrobot/ros2_ws/install/robot_hive:/home/softrobot/ros2_ws/install/my_python_pkg:/home/softrobot/ros2_ws/install/executors_py:/home/softrobot/ros2_ws/install/action_py:/home/softrobot/ros2_ws/src/install/action_py:/home/softrobot/ws_moveit2/install/moveit_configs_utils:/home/softrobot/ws_moveit2/install/launch_param_builder:/opt/ros/humble /usr/bin/cmake /home/softrobot/foodly_icra/src/icra_foodly_custom/custom_msg -DCMAKE_INSTALL_PREFIX=/home/softrobot/foodly_icra/src/icra_foodly_custom/install/custom_msg
