-- The C compiler identification is GNU 11.4.0
-- The CXX compiler identification is GNU 11.4.0
-- Detecting C compiler ABI info
-- Detecting C compiler ABI info - done
-- Check for working C compiler: /usr/bin/cc - skipped
-- Detecting C compile features
-- Detecting C compile features - done
-- Detecting CXX compiler ABI info
-- Detecting CXX compiler ABI info - done
-- Check for working CXX compiler: /usr/bin/c++ - skipped
-- Detecting CXX compile features
-- Detecting CXX compile features - done
-- Found ament_cmake: 1.3.8 (/opt/ros/humble/share/ament_cmake/cmake)
-- Found Python3: /usr/bin/python3 (found version "3.10.12") found components: Interpreter 
-- Found angles: 1.15.0 (/opt/ros/humble/share/angles/cmake)
-- Found cv_bridge: 3.2.1 (/opt/ros/humble/share/cv_bridge/cmake)
-- Found rosidl_generator_c: 3.1.5 (/opt/ros/humble/share/rosidl_generator_c/cmake)
-- Found rosidl_adapter: 3.1.5 (/opt/ros/humble/share/rosidl_adapter/cmake)
-- Found rosidl_generator_cpp: 3.1.5 (/opt/ros/humble/share/rosidl_generator_cpp/cmake)
-- Using all available rosidl_typesupport_c: rosidl_typesupport_fastrtps_c;rosidl_typesupport_introspection_c
-- Using all available rosidl_typesupport_cpp: rosidl_typesupport_fastrtps_cpp;rosidl_typesupport_introspection_cpp
-- Found control_msgs: 4.4.0 (/opt/ros/humble/share/control_msgs/cmake)
-- Found image_geometry: 3.2.1 (/opt/ros/humble/share/image_geometry/cmake)
-- Found moveit_ros_planning_interface: 2.5.5 (/opt/ros/humble/share/moveit_ros_planning_interface/cmake)
-- Found Boost: /usr/lib/x86_64-linux-gnu/cmake/Boost-1.74.0/BoostConfig.cmake (found version "1.74.0") found components: date_time filesystem program_options system thread 
-- Found Boost: /usr/lib/x86_64-linux-gnu/cmake/Boost-1.74.0/BoostConfig.cmake (found version "1.74.0") found components: chrono date_time filesystem iostreams program_options regex serialization system thread 
-- Found parameter_traits: 0.3.8 (/opt/ros/humble/share/parameter_traits/cmake)
-- Found rmw_implementation_cmake: 6.1.1 (/opt/ros/humble/share/rmw_implementation_cmake/cmake)
-- Found rmw_fastrtps_cpp: 6.2.6 (/opt/ros/humble/share/rmw_fastrtps_cpp/cmake)
-- Found OpenSSL: /usr/lib/x86_64-linux-gnu/libcrypto.so (found version "3.0.2")  
-- Found FastRTPS: /opt/ros/humble/include  
-- Using RMW implementation 'rmw_fastrtps_cpp' as default
-- Found Threads: TRUE  
-- Found rclcpp_lifecycle: 16.0.8 (/opt/ros/humble/share/rclcpp_lifecycle/cmake)
-- Found Boost: /usr/lib/x86_64-linux-gnu/cmake/Boost-1.74.0/BoostConfig.cmake (found version "1.74.0") found components: filesystem 
-- library: /usr/lib/x86_64-linux-gnu/libcurl.so
-- Found Eigen3: TRUE (found version "3.4.0") 
-- Ensuring Eigen3 include directory is part of orocos-kdl CMake target
-- Found Boost: /usr/lib/x86_64-linux-gnu/cmake/Boost-1.74.0/BoostConfig.cmake (found version "1.74.0") found components: system filesystem date_time program_options thread chrono 
-- Found Boost: /usr/lib/x86_64-linux-gnu/cmake/Boost-1.74.0/BoostConfig.cmake (found version "1.74.0") found components: thread system filesystem regex date_time program_options 
-- Found Boost: /usr/lib/x86_64-linux-gnu/cmake/Boost-1.74.0/BoostConfig.cmake (found version "1.74.0") found components: system filesystem date_time program_options thread 
-- Found OpenCV: /usr (found version "4.5.4") found components: core 
-- Found ament_lint_auto: 0.12.10 (/opt/ros/humble/share/ament_lint_auto/cmake)
-- Added test 'cppcheck' to perform static code analysis on C / C++ code
-- Configured cppcheck include dirs: /home/barracuda/icra_ws/src/icra_foodly_custom/foodly_rd_examples/include;$<BUILD_INTERFACE:/home/barracuda/icra_ws/src/icra_foodly_custom/foodly_rd_examples/include>
-- Configured cppcheck exclude dirs and/or files: 
-- Added test 'cpplint' to check C / C++ code against the Google style
-- Configured cpplint exclude dirs and/or files: 
-- Added test 'flake8' to check Python code syntax and style conventions
-- Added test 'lint_cmake' to check CMake code style
-- Added test 'pep257' to check Python code against some of the docstring style conventions in PEP 257
-- Added test 'uncrustify' to check C / C++ code style
-- Configured uncrustify additional arguments: 
-- Added test 'xmllint' to check XML markup files
-- Configuring done
-- Generating done
-- Build files have been written to: /home/barracuda/icra_ws/src/icra_foodly_custom/build/foodly_rd_examples
[ 20%] [32mBuilding CXX object CMakeFiles/neck_jt_control.dir/src/neck_jt_control.cpp.o[0m
[ 20%] [32mBuilding CXX object CMakeFiles/waist_jt_control.dir/src/waist_jt_control.cpp.o[0m
[ 20%] [32mBuilding CXX object CMakeFiles/color_detection.dir/src/color_detection.cpp.o[0m
[ 20%] [32mBuilding CXX object CMakeFiles/object_tracker.dir/src/object_tracker.cpp.o[0m
[ 25%] [32mBuilding CXX object CMakeFiles/pose_presets.dir/src/pose_presets.cpp.o[0m
[ 30%] [32m[1mLinking CXX shared library libpose_presets.so[0m
[ 30%] Built target pose_presets
[ 35%] [32mBuilding CXX object CMakeFiles/pick_and_place_right_arm_waist.dir/src/pick_and_place_right_arm_waist.cpp.o[0m
[ 40%] [32mBuilding CXX object CMakeFiles/gripper_control.dir/src/gripper_control.cpp.o[0m
[ 45%] [32mBuilding CXX object CMakeFiles/waist_control.dir/src/waist_control.cpp.o[0m
[ 55%] [32mBuilding CXX object CMakeFiles/pick_and_place_left_arm.dir/src/pick_and_place_left_arm.cpp.o[0m
[ 55%] [32mBuilding CXX object CMakeFiles/neck_control.dir/src/neck_control.cpp.o[0m
[ 60%] [32m[1mLinking CXX shared library libneck_jt_control.so[0m
[ 65%] [32m[1mLinking CXX shared library libwaist_jt_control.so[0m
[ 65%] Built target neck_jt_control
[ 65%] Built target waist_jt_control
[ 70%] [32m[1mLinking CXX executable waist_control[0m
[ 70%] Built target waist_control
[ 75%] [32m[1mLinking CXX shared library libobject_tracker.so[0m
[ 80%] [32m[1mLinking CXX executable pick_and_place_right_arm_waist[0m
[ 85%] [32m[1mLinking CXX executable neck_control[0m
[ 85%] Built target pick_and_place_right_arm_waist
[ 85%] Built target object_tracker
[ 85%] Built target neck_control
[ 90%] [32m[1mLinking CXX executable pick_and_place_left_arm[0m
[ 90%] Built target pick_and_place_left_arm
[ 95%] [32m[1mLinking CXX executable gripper_control[0m
[100%] [32m[1mLinking CXX shared library libcolor_detection.so[0m
[100%] Built target gripper_control
[100%] Built target color_detection
-- Install configuration: ""
-- Installing: /home/barracuda/icra_ws/src/icra_foodly_custom/install/foodly_rd_examples/lib/libcolor_detection.so
-- Set runtime path of "/home/barracuda/icra_ws/src/icra_foodly_custom/install/foodly_rd_examples/lib/libcolor_detection.so" to ""
-- Installing: /home/barracuda/icra_ws/src/icra_foodly_custom/install/foodly_rd_examples/lib/libneck_jt_control.so
-- Set runtime path of "/home/barracuda/icra_ws/src/icra_foodly_custom/install/foodly_rd_examples/lib/libneck_jt_control.so" to ""
-- Installing: /home/barracuda/icra_ws/src/icra_foodly_custom/install/foodly_rd_examples/lib/libobject_tracker.so
-- Set runtime path of "/home/barracuda/icra_ws/src/icra_foodly_custom/install/foodly_rd_examples/lib/libobject_tracker.so" to ""
-- Installing: /home/barracuda/icra_ws/src/icra_foodly_custom/install/foodly_rd_examples/lib/libwaist_jt_control.so
-- Set runtime path of "/home/barracuda/icra_ws/src/icra_foodly_custom/install/foodly_rd_examples/lib/libwaist_jt_control.so" to ""
-- Installing: /home/barracuda/icra_ws/src/icra_foodly_custom/install/foodly_rd_examples/share/foodly_rd_examples/environment/library_path.sh
-- Installing: /home/barracuda/icra_ws/src/icra_foodly_custom/install/foodly_rd_examples/share/foodly_rd_examples/environment/library_path.dsv
-- Installing: /home/barracuda/icra_ws/src/icra_foodly_custom/install/foodly_rd_examples/include/pose_presets
-- Installing: /home/barracuda/icra_ws/src/icra_foodly_custom/install/foodly_rd_examples/include/pose_presets/pose_presets.hpp
-- Installing: /home/barracuda/icra_ws/src/icra_foodly_custom/install/foodly_rd_examples/include/pose_presets/foodly_rd_examples
-- Installing: /home/barracuda/icra_ws/src/icra_foodly_custom/install/foodly_rd_examples/include/pose_presets/foodly_rd_examples/color_detection.hpp
-- Installing: /home/barracuda/icra_ws/src/icra_foodly_custom/install/foodly_rd_examples/include/pose_presets/foodly_rd_examples/object_tracker.hpp
-- Installing: /home/barracuda/icra_ws/src/icra_foodly_custom/install/foodly_rd_examples/include/pose_presets/foodly_rd_examples/waist_jt_control.hpp
-- Installing: /home/barracuda/icra_ws/src/icra_foodly_custom/install/foodly_rd_examples/include/pose_presets/foodly_rd_examples/neck_jt_control.hpp
-- Installing: /home/barracuda/icra_ws/src/icra_foodly_custom/install/foodly_rd_examples/lib/libpose_presets.so
-- Set runtime path of "/home/barracuda/icra_ws/src/icra_foodly_custom/install/foodly_rd_examples/lib/libpose_presets.so" to ""
-- Installing: /home/barracuda/icra_ws/src/icra_foodly_custom/install/foodly_rd_examples/lib/foodly_rd_examples/gripper_control
-- Set runtime path of "/home/barracuda/icra_ws/src/icra_foodly_custom/install/foodly_rd_examples/lib/foodly_rd_examples/gripper_control" to ""
-- Installing: /home/barracuda/icra_ws/src/icra_foodly_custom/install/foodly_rd_examples/lib/foodly_rd_examples/neck_control
-- Set runtime path of "/home/barracuda/icra_ws/src/icra_foodly_custom/install/foodly_rd_examples/lib/foodly_rd_examples/neck_control" to ""
-- Installing: /home/barracuda/icra_ws/src/icra_foodly_custom/install/foodly_rd_examples/lib/foodly_rd_examples/waist_control
-- Set runtime path of "/home/barracuda/icra_ws/src/icra_foodly_custom/install/foodly_rd_examples/lib/foodly_rd_examples/waist_control" to ""
-- Installing: /home/barracuda/icra_ws/src/icra_foodly_custom/install/foodly_rd_examples/lib/foodly_rd_examples/pick_and_place_right_arm_waist
-- Set runtime path of "/home/barracuda/icra_ws/src/icra_foodly_custom/install/foodly_rd_examples/lib/foodly_rd_examples/pick_and_place_right_arm_waist" to ""
-- Installing: /home/barracuda/icra_ws/src/icra_foodly_custom/install/foodly_rd_examples/lib/foodly_rd_examples/pick_and_place_left_arm
-- Set runtime path of "/home/barracuda/icra_ws/src/icra_foodly_custom/install/foodly_rd_examples/lib/foodly_rd_examples/pick_and_place_left_arm" to ""
-- Installing: /home/barracuda/icra_ws/src/icra_foodly_custom/install/foodly_rd_examples/share/foodly_rd_examples//launch
-- Installing: /home/barracuda/icra_ws/src/icra_foodly_custom/install/foodly_rd_examples/share/foodly_rd_examples//launch/demo.launch.py
-- Installing: /home/barracuda/icra_ws/src/icra_foodly_custom/install/foodly_rd_examples/share/foodly_rd_examples//launch/chest_camera_tracking.launch.py
-- Installing: /home/barracuda/icra_ws/src/icra_foodly_custom/install/foodly_rd_examples/share/foodly_rd_examples//launch/example.launch.py
-- Installing: /home/barracuda/icra_ws/src/icra_foodly_custom/install/foodly_rd_examples/share/foodly_rd_examples//launch/head_camera_tracking.launch.py
-- Installing: /home/barracuda/icra_ws/src/icra_foodly_custom/install/foodly_rd_examples/share/ament_index/resource_index/package_run_dependencies/foodly_rd_examples
-- Installing: /home/barracuda/icra_ws/src/icra_foodly_custom/install/foodly_rd_examples/share/ament_index/resource_index/parent_prefix_path/foodly_rd_examples
-- Installing: /home/barracuda/icra_ws/src/icra_foodly_custom/install/foodly_rd_examples/share/foodly_rd_examples/environment/ament_prefix_path.sh
-- Installing: /home/barracuda/icra_ws/src/icra_foodly_custom/install/foodly_rd_examples/share/foodly_rd_examples/environment/ament_prefix_path.dsv
-- Installing: /home/barracuda/icra_ws/src/icra_foodly_custom/install/foodly_rd_examples/share/foodly_rd_examples/environment/path.sh
-- Installing: /home/barracuda/icra_ws/src/icra_foodly_custom/install/foodly_rd_examples/share/foodly_rd_examples/environment/path.dsv
-- Installing: /home/barracuda/icra_ws/src/icra_foodly_custom/install/foodly_rd_examples/share/foodly_rd_examples/local_setup.bash
-- Installing: /home/barracuda/icra_ws/src/icra_foodly_custom/install/foodly_rd_examples/share/foodly_rd_examples/local_setup.sh
-- Installing: /home/barracuda/icra_ws/src/icra_foodly_custom/install/foodly_rd_examples/share/foodly_rd_examples/local_setup.zsh
-- Installing: /home/barracuda/icra_ws/src/icra_foodly_custom/install/foodly_rd_examples/share/foodly_rd_examples/local_setup.dsv
-- Installing: /home/barracuda/icra_ws/src/icra_foodly_custom/install/foodly_rd_examples/share/foodly_rd_examples/package.dsv
-- Installing: /home/barracuda/icra_ws/src/icra_foodly_custom/install/foodly_rd_examples/share/ament_index/resource_index/packages/foodly_rd_examples
-- Installing: /home/barracuda/icra_ws/src/icra_foodly_custom/install/foodly_rd_examples/share/ament_index/resource_index/rclcpp_components/foodly_rd_examples
-- Installing: /home/barracuda/icra_ws/src/icra_foodly_custom/install/foodly_rd_examples/share/foodly_rd_examples/cmake/export_pose_presetsExport.cmake
-- Installing: /home/barracuda/icra_ws/src/icra_foodly_custom/install/foodly_rd_examples/share/foodly_rd_examples/cmake/export_pose_presetsExport-noconfig.cmake
-- Installing: /home/barracuda/icra_ws/src/icra_foodly_custom/install/foodly_rd_examples/share/foodly_rd_examples/cmake/ament_cmake_export_targets-extras.cmake
-- Installing: /home/barracuda/icra_ws/src/icra_foodly_custom/install/foodly_rd_examples/share/foodly_rd_examples/cmake/ament_cmake_export_dependencies-extras.cmake
-- Installing: /home/barracuda/icra_ws/src/icra_foodly_custom/install/foodly_rd_examples/share/foodly_rd_examples/cmake/foodly_rd_examplesConfig.cmake
-- Installing: /home/barracuda/icra_ws/src/icra_foodly_custom/install/foodly_rd_examples/share/foodly_rd_examples/cmake/foodly_rd_examplesConfig-version.cmake
-- Installing: /home/barracuda/icra_ws/src/icra_foodly_custom/install/foodly_rd_examples/share/foodly_rd_examples/package.xml
