[0.008s] Invoking command in '/home/barracuda/icra_ws/src/icra_foodly_custom/build/foodly_rd_examples': AMENT_PREFIX_PATH=/home/barracuda/icra_ws/src/icra_foodly_custom/install/foodly_rd_moveit_config:/home/barracuda/icra_ws/src/icra_foodly_custom/install/foodly_rd_control:/home/barracuda/icra_ws/src/icra_foodly_custom/install/foodly_rd_description:${AMENT_PREFIX_PATH} CMAKE_PREFIX_PATH=/home/barracuda/icra_ws/src/icra_foodly_custom/install/foodly_rd_moveit_config:/home/barracuda/icra_ws/src/icra_foodly_custom/install/foodly_rd_control:/home/barracuda/icra_ws/src/icra_foodly_custom/install/foodly_rd_description:/home/barracuda/icra_ws/install/nekonote_conveyor_control:/home/barracuda/icra_ws/install/icra_perception:/home/barracuda/icra_ws/install/foodly_rd:/home/barracuda/icra_ws/install/foodly_rd_vision:/home/barracuda/icra_ws/install/foodly_rd_tools:/home/barracuda/icra_ws/install/foodly_rd_examples:/home/barracuda/icra_ws/install/foodly_rd_moveit_config:/home/barracuda/icra_ws/install/foodly_rd_gazebo:/home/barracuda/icra_ws/install/foodly_rd_control:/home/barracuda/icra_ws/install/foodly_rd_description:/opt/ros/humble LD_LIBRARY_PATH=/home/barracuda/icra_ws/src/icra_foodly_custom/install/foodly_rd_control/lib:${LD_LIBRARY_PATH} PYTHONPATH=/home/barracuda/icra_ws/src/icra_foodly_custom/install/foodly_rd_description/local/lib/python3.10/dist-packages:${PYTHONPATH} /usr/bin/cmake /home/barracuda/icra_ws/src/icra_foodly_custom/foodly_rd_examples -DCMAKE_INSTALL_PREFIX=/home/barracuda/icra_ws/src/icra_foodly_custom/install/foodly_rd_examples
[0.041s] -- The C compiler identification is GNU 11.4.0
[0.074s] -- The CXX compiler identification is GNU 11.4.0
[0.079s] -- Detecting C compiler ABI info
[0.119s] -- Detecting C compiler ABI info - done
[0.124s] -- Check for working C compiler: /usr/bin/cc - skipped
[0.124s] -- Detecting C compile features
[0.124s] -- Detecting C compile features - done
[0.126s] -- Detecting CXX compiler ABI info
[0.171s] -- Detecting CXX compiler ABI info - done
[0.175s] -- Check for working CXX compiler: /usr/bin/c++ - skipped
[0.175s] -- Detecting CXX compile features
[0.176s] -- Detecting CXX compile features - done
[0.177s] -- Found ament_cmake: 1.3.8 (/opt/ros/humble/share/ament_cmake/cmake)
[0.269s] -- Found Python3: /usr/bin/python3 (found version "3.10.12") found components: Interpreter 
[0.332s] -- Found angles: 1.15.0 (/opt/ros/humble/share/angles/cmake)
[0.335s] -- Found cv_bridge: 3.2.1 (/opt/ros/humble/share/cv_bridge/cmake)
[0.371s] -- Found rosidl_generator_c: 3.1.5 (/opt/ros/humble/share/rosidl_generator_c/cmake)
[0.374s] -- Found rosidl_adapter: 3.1.5 (/opt/ros/humble/share/rosidl_adapter/cmake)
[0.380s] -- Found rosidl_generator_cpp: 3.1.5 (/opt/ros/humble/share/rosidl_generator_cpp/cmake)
[0.389s] -- Using all available rosidl_typesupport_c: rosidl_typesupport_fastrtps_c;rosidl_typesupport_introspection_c
[0.403s] -- Using all available rosidl_typesupport_cpp: rosidl_typesupport_fastrtps_cpp;rosidl_typesupport_introspection_cpp
[0.536s] -- Found control_msgs: 4.4.0 (/opt/ros/humble/share/control_msgs/cmake)
[0.744s] -- Found image_geometry: 3.2.1 (/opt/ros/humble/share/image_geometry/cmake)
[0.750s] -- Found moveit_ros_planning_interface: 2.5.5 (/opt/ros/humble/share/moveit_ros_planning_interface/cmake)
[0.859s] -- Found Boost: /usr/lib/x86_64-linux-gnu/cmake/Boost-1.74.0/BoostConfig.cmake (found version "1.74.0") found components: date_time filesystem program_options system thread 
[1.209s] -- Found Boost: /usr/lib/x86_64-linux-gnu/cmake/Boost-1.74.0/BoostConfig.cmake (found version "1.74.0") found components: chrono date_time filesystem iostreams program_options regex serialization system thread 
[1.218s] -- Found parameter_traits: 0.3.8 (/opt/ros/humble/share/parameter_traits/cmake)
[1.258s] -- Found rmw_implementation_cmake: 6.1.1 (/opt/ros/humble/share/rmw_implementation_cmake/cmake)
[1.260s] -- Found rmw_fastrtps_cpp: 6.2.6 (/opt/ros/humble/share/rmw_fastrtps_cpp/cmake)
[1.318s] -- Found OpenSSL: /usr/lib/x86_64-linux-gnu/libcrypto.so (found version "3.0.2")  
[1.335s] -- Found FastRTPS: /opt/ros/humble/include  
[1.362s] -- Using RMW implementation 'rmw_fastrtps_cpp' as default
[1.369s] -- Found Threads: TRUE  
[1.468s] -- Found rclcpp_lifecycle: 16.0.8 (/opt/ros/humble/share/rclcpp_lifecycle/cmake)
[1.497s] -- Found Boost: /usr/lib/x86_64-linux-gnu/cmake/Boost-1.74.0/BoostConfig.cmake (found version "1.74.0") found components: filesystem 
[1.558s] -- library: /usr/lib/x86_64-linux-gnu/libcurl.so
[1.658s] -- Found Eigen3: TRUE (found version "3.4.0") 
[1.658s] -- Ensuring Eigen3 include directory is part of orocos-kdl CMake target
[2.005s] -- Found Boost: /usr/lib/x86_64-linux-gnu/cmake/Boost-1.74.0/BoostConfig.cmake (found version "1.74.0") found components: system filesystem date_time program_options thread chrono 
[2.334s] -- Found Boost: /usr/lib/x86_64-linux-gnu/cmake/Boost-1.74.0/BoostConfig.cmake (found version "1.74.0") found components: thread system filesystem regex date_time program_options 
[2.481s] -- Found Boost: /usr/lib/x86_64-linux-gnu/cmake/Boost-1.74.0/BoostConfig.cmake (found version "1.74.0") found components: system filesystem date_time program_options thread 
[2.731s] -- Found OpenCV: /usr (found version "4.5.4") found components: core 
[2.761s] -- Found ament_lint_auto: 0.12.10 (/opt/ros/humble/share/ament_lint_auto/cmake)
[2.816s] -- Added test 'cppcheck' to perform static code analysis on C / C++ code
[2.817s] -- Configured cppcheck include dirs: /home/barracuda/icra_ws/src/icra_foodly_custom/foodly_rd_examples/include;$<BUILD_INTERFACE:/home/barracuda/icra_ws/src/icra_foodly_custom/foodly_rd_examples/include>
[2.817s] -- Configured cppcheck exclude dirs and/or files: 
[2.818s] -- Added test 'cpplint' to check C / C++ code against the Google style
[2.818s] -- Configured cpplint exclude dirs and/or files: 
[2.818s] -- Added test 'flake8' to check Python code syntax and style conventions
[2.818s] -- Added test 'lint_cmake' to check CMake code style
[2.819s] -- Added test 'pep257' to check Python code against some of the docstring style conventions in PEP 257
[2.819s] -- Added test 'uncrustify' to check C / C++ code style
[2.820s] -- Configured uncrustify additional arguments: 
[2.820s] -- Added test 'xmllint' to check XML markup files
[2.821s] -- Configuring done
[2.886s] -- Generating done
[2.888s] -- Build files have been written to: /home/barracuda/icra_ws/src/icra_foodly_custom/build/foodly_rd_examples
[2.899s] Invoked command in '/home/barracuda/icra_ws/src/icra_foodly_custom/build/foodly_rd_examples' returned '0': AMENT_PREFIX_PATH=/home/barracuda/icra_ws/src/icra_foodly_custom/install/foodly_rd_moveit_config:/home/barracuda/icra_ws/src/icra_foodly_custom/install/foodly_rd_control:/home/barracuda/icra_ws/src/icra_foodly_custom/install/foodly_rd_description:${AMENT_PREFIX_PATH} CMAKE_PREFIX_PATH=/home/barracuda/icra_ws/src/icra_foodly_custom/install/foodly_rd_moveit_config:/home/barracuda/icra_ws/src/icra_foodly_custom/install/foodly_rd_control:/home/barracuda/icra_ws/src/icra_foodly_custom/install/foodly_rd_description:/home/barracuda/icra_ws/install/nekonote_conveyor_control:/home/barracuda/icra_ws/install/icra_perception:/home/barracuda/icra_ws/install/foodly_rd:/home/barracuda/icra_ws/install/foodly_rd_vision:/home/barracuda/icra_ws/install/foodly_rd_tools:/home/barracuda/icra_ws/install/foodly_rd_examples:/home/barracuda/icra_ws/install/foodly_rd_moveit_config:/home/barracuda/icra_ws/install/foodly_rd_gazebo:/home/barracuda/icra_ws/install/foodly_rd_control:/home/barracuda/icra_ws/install/foodly_rd_description:/opt/ros/humble LD_LIBRARY_PATH=/home/barracuda/icra_ws/src/icra_foodly_custom/install/foodly_rd_control/lib:${LD_LIBRARY_PATH} PYTHONPATH=/home/barracuda/icra_ws/src/icra_foodly_custom/install/foodly_rd_description/local/lib/python3.10/dist-packages:${PYTHONPATH} /usr/bin/cmake /home/barracuda/icra_ws/src/icra_foodly_custom/foodly_rd_examples -DCMAKE_INSTALL_PREFIX=/home/barracuda/icra_ws/src/icra_foodly_custom/install/foodly_rd_examples
[2.899s] Invoking command in '/home/barracuda/icra_ws/src/icra_foodly_custom/build/foodly_rd_examples': AMENT_PREFIX_PATH=/home/barracuda/icra_ws/src/icra_foodly_custom/install/foodly_rd_moveit_config:/home/barracuda/icra_ws/src/icra_foodly_custom/install/foodly_rd_control:/home/barracuda/icra_ws/src/icra_foodly_custom/install/foodly_rd_description:${AMENT_PREFIX_PATH} CMAKE_PREFIX_PATH=/home/barracuda/icra_ws/src/icra_foodly_custom/install/foodly_rd_moveit_config:/home/barracuda/icra_ws/src/icra_foodly_custom/install/foodly_rd_control:/home/barracuda/icra_ws/src/icra_foodly_custom/install/foodly_rd_description:/home/barracuda/icra_ws/install/nekonote_conveyor_control:/home/barracuda/icra_ws/install/icra_perception:/home/barracuda/icra_ws/install/foodly_rd:/home/barracuda/icra_ws/install/foodly_rd_vision:/home/barracuda/icra_ws/install/foodly_rd_tools:/home/barracuda/icra_ws/install/foodly_rd_examples:/home/barracuda/icra_ws/install/foodly_rd_moveit_config:/home/barracuda/icra_ws/install/foodly_rd_gazebo:/home/barracuda/icra_ws/install/foodly_rd_control:/home/barracuda/icra_ws/install/foodly_rd_description:/opt/ros/humble LD_LIBRARY_PATH=/home/barracuda/icra_ws/src/icra_foodly_custom/install/foodly_rd_control/lib:${LD_LIBRARY_PATH} PYTHONPATH=/home/barracuda/icra_ws/src/icra_foodly_custom/install/foodly_rd_description/local/lib/python3.10/dist-packages:${PYTHONPATH} /usr/bin/cmake --build /home/barracuda/icra_ws/src/icra_foodly_custom/build/foodly_rd_examples -- -j12 -l12
[2.931s] [ 20%] [32mBuilding CXX object CMakeFiles/neck_jt_control.dir/src/neck_jt_control.cpp.o[0m
[2.931s] [ 20%] [32mBuilding CXX object CMakeFiles/waist_jt_control.dir/src/waist_jt_control.cpp.o[0m
[2.931s] [ 20%] [32mBuilding CXX object CMakeFiles/color_detection.dir/src/color_detection.cpp.o[0m
[2.931s] [ 20%] [32mBuilding CXX object CMakeFiles/object_tracker.dir/src/object_tracker.cpp.o[0m
[2.937s] [ 25%] [32mBuilding CXX object CMakeFiles/pose_presets.dir/src/pose_presets.cpp.o[0m
[4.843s] [ 30%] [32m[1mLinking CXX shared library libpose_presets.so[0m
[4.974s] [ 30%] Built target pose_presets
[4.991s] [ 35%] [32mBuilding CXX object CMakeFiles/pick_and_place_right_arm_waist.dir/src/pick_and_place_right_arm_waist.cpp.o[0m
[4.992s] [ 40%] [32mBuilding CXX object CMakeFiles/gripper_control.dir/src/gripper_control.cpp.o[0m
[4.993s] [ 45%] [32mBuilding CXX object CMakeFiles/waist_control.dir/src/waist_control.cpp.o[0m
[4.995s] [ 55%] [32mBuilding CXX object CMakeFiles/pick_and_place_left_arm.dir/src/pick_and_place_left_arm.cpp.o[0m
[4.995s] [ 55%] [32mBuilding CXX object CMakeFiles/neck_control.dir/src/neck_control.cpp.o[0m
[9.293s] [ 60%] [32m[1mLinking CXX shared library libneck_jt_control.so[0m
[10.130s] [ 65%] [32m[1mLinking CXX shared library libwaist_jt_control.so[0m
[10.173s] [ 65%] Built target neck_jt_control
[10.664s] [ 65%] Built target waist_jt_control
[11.317s] [ 70%] [32m[1mLinking CXX executable waist_control[0m
[11.681s] [ 70%] Built target waist_control
[12.229s] [ 75%] [32m[1mLinking CXX shared library libobject_tracker.so[0m
[12.592s] [ 80%] [32m[1mLinking CXX executable pick_and_place_right_arm_waist[0m
[12.671s] [ 85%] [32m[1mLinking CXX executable neck_control[0m
[12.847s] [ 85%] Built target pick_and_place_right_arm_waist
[12.884s] [ 85%] Built target object_tracker
[12.916s] [ 85%] Built target neck_control
[13.170s] [ 90%] [32m[1mLinking CXX executable pick_and_place_left_arm[0m
[13.372s] [ 90%] Built target pick_and_place_left_arm
[13.597s] [ 95%] [32m[1mLinking CXX executable gripper_control[0m
[13.761s] [100%] [32m[1mLinking CXX shared library libcolor_detection.so[0m
[13.794s] [100%] Built target gripper_control
[14.101s] [100%] Built target color_detection
[14.109s] Invoked command in '/home/barracuda/icra_ws/src/icra_foodly_custom/build/foodly_rd_examples' returned '0': AMENT_PREFIX_PATH=/home/barracuda/icra_ws/src/icra_foodly_custom/install/foodly_rd_moveit_config:/home/barracuda/icra_ws/src/icra_foodly_custom/install/foodly_rd_control:/home/barracuda/icra_ws/src/icra_foodly_custom/install/foodly_rd_description:${AMENT_PREFIX_PATH} CMAKE_PREFIX_PATH=/home/barracuda/icra_ws/src/icra_foodly_custom/install/foodly_rd_moveit_config:/home/barracuda/icra_ws/src/icra_foodly_custom/install/foodly_rd_control:/home/barracuda/icra_ws/src/icra_foodly_custom/install/foodly_rd_description:/home/barracuda/icra_ws/install/nekonote_conveyor_control:/home/barracuda/icra_ws/install/icra_perception:/home/barracuda/icra_ws/install/foodly_rd:/home/barracuda/icra_ws/install/foodly_rd_vision:/home/barracuda/icra_ws/install/foodly_rd_tools:/home/barracuda/icra_ws/install/foodly_rd_examples:/home/barracuda/icra_ws/install/foodly_rd_moveit_config:/home/barracuda/icra_ws/install/foodly_rd_gazebo:/home/barracuda/icra_ws/install/foodly_rd_control:/home/barracuda/icra_ws/install/foodly_rd_description:/opt/ros/humble LD_LIBRARY_PATH=/home/barracuda/icra_ws/src/icra_foodly_custom/install/foodly_rd_control/lib:${LD_LIBRARY_PATH} PYTHONPATH=/home/barracuda/icra_ws/src/icra_foodly_custom/install/foodly_rd_description/local/lib/python3.10/dist-packages:${PYTHONPATH} /usr/bin/cmake --build /home/barracuda/icra_ws/src/icra_foodly_custom/build/foodly_rd_examples -- -j12 -l12
[14.137s] Invoking command in '/home/barracuda/icra_ws/src/icra_foodly_custom/build/foodly_rd_examples': AMENT_PREFIX_PATH=/home/barracuda/icra_ws/src/icra_foodly_custom/install/foodly_rd_moveit_config:/home/barracuda/icra_ws/src/icra_foodly_custom/install/foodly_rd_control:/home/barracuda/icra_ws/src/icra_foodly_custom/install/foodly_rd_description:${AMENT_PREFIX_PATH} CMAKE_PREFIX_PATH=/home/barracuda/icra_ws/src/icra_foodly_custom/install/foodly_rd_moveit_config:/home/barracuda/icra_ws/src/icra_foodly_custom/install/foodly_rd_control:/home/barracuda/icra_ws/src/icra_foodly_custom/install/foodly_rd_description:/home/barracuda/icra_ws/install/nekonote_conveyor_control:/home/barracuda/icra_ws/install/icra_perception:/home/barracuda/icra_ws/install/foodly_rd:/home/barracuda/icra_ws/install/foodly_rd_vision:/home/barracuda/icra_ws/install/foodly_rd_tools:/home/barracuda/icra_ws/install/foodly_rd_examples:/home/barracuda/icra_ws/install/foodly_rd_moveit_config:/home/barracuda/icra_ws/install/foodly_rd_gazebo:/home/barracuda/icra_ws/install/foodly_rd_control:/home/barracuda/icra_ws/install/foodly_rd_description:/opt/ros/humble LD_LIBRARY_PATH=/home/barracuda/icra_ws/src/icra_foodly_custom/install/foodly_rd_control/lib:${LD_LIBRARY_PATH} PYTHONPATH=/home/barracuda/icra_ws/src/icra_foodly_custom/install/foodly_rd_description/local/lib/python3.10/dist-packages:${PYTHONPATH} /usr/bin/cmake --install /home/barracuda/icra_ws/src/icra_foodly_custom/build/foodly_rd_examples
[14.141s] -- Install configuration: ""
[14.141s] -- Installing: /home/barracuda/icra_ws/src/icra_foodly_custom/install/foodly_rd_examples/lib/libcolor_detection.so
[14.145s] -- Set runtime path of "/home/barracuda/icra_ws/src/icra_foodly_custom/install/foodly_rd_examples/lib/libcolor_detection.so" to ""
[14.145s] -- Installing: /home/barracuda/icra_ws/src/icra_foodly_custom/install/foodly_rd_examples/lib/libneck_jt_control.so
[14.148s] -- Set runtime path of "/home/barracuda/icra_ws/src/icra_foodly_custom/install/foodly_rd_examples/lib/libneck_jt_control.so" to ""
[14.148s] -- Installing: /home/barracuda/icra_ws/src/icra_foodly_custom/install/foodly_rd_examples/lib/libobject_tracker.so
[14.153s] -- Set runtime path of "/home/barracuda/icra_ws/src/icra_foodly_custom/install/foodly_rd_examples/lib/libobject_tracker.so" to ""
[14.153s] -- Installing: /home/barracuda/icra_ws/src/icra_foodly_custom/install/foodly_rd_examples/lib/libwaist_jt_control.so
[14.156s] -- Set runtime path of "/home/barracuda/icra_ws/src/icra_foodly_custom/install/foodly_rd_examples/lib/libwaist_jt_control.so" to ""
[14.156s] -- Installing: /home/barracuda/icra_ws/src/icra_foodly_custom/install/foodly_rd_examples/share/foodly_rd_examples/environment/library_path.sh
[14.156s] -- Installing: /home/barracuda/icra_ws/src/icra_foodly_custom/install/foodly_rd_examples/share/foodly_rd_examples/environment/library_path.dsv
[14.156s] -- Installing: /home/barracuda/icra_ws/src/icra_foodly_custom/install/foodly_rd_examples/include/pose_presets
[14.156s] -- Installing: /home/barracuda/icra_ws/src/icra_foodly_custom/install/foodly_rd_examples/include/pose_presets/pose_presets.hpp
[14.156s] -- Installing: /home/barracuda/icra_ws/src/icra_foodly_custom/install/foodly_rd_examples/include/pose_presets/foodly_rd_examples
[14.157s] -- Installing: /home/barracuda/icra_ws/src/icra_foodly_custom/install/foodly_rd_examples/include/pose_presets/foodly_rd_examples/color_detection.hpp
[14.157s] -- Installing: /home/barracuda/icra_ws/src/icra_foodly_custom/install/foodly_rd_examples/include/pose_presets/foodly_rd_examples/object_tracker.hpp
[14.157s] -- Installing: /home/barracuda/icra_ws/src/icra_foodly_custom/install/foodly_rd_examples/include/pose_presets/foodly_rd_examples/waist_jt_control.hpp
[14.157s] -- Installing: /home/barracuda/icra_ws/src/icra_foodly_custom/install/foodly_rd_examples/include/pose_presets/foodly_rd_examples/neck_jt_control.hpp
[14.157s] -- Installing: /home/barracuda/icra_ws/src/icra_foodly_custom/install/foodly_rd_examples/lib/libpose_presets.so
[14.157s] -- Set runtime path of "/home/barracuda/icra_ws/src/icra_foodly_custom/install/foodly_rd_examples/lib/libpose_presets.so" to ""
[14.157s] -- Installing: /home/barracuda/icra_ws/src/icra_foodly_custom/install/foodly_rd_examples/lib/foodly_rd_examples/gripper_control
[14.157s] -- Set runtime path of "/home/barracuda/icra_ws/src/icra_foodly_custom/install/foodly_rd_examples/lib/foodly_rd_examples/gripper_control" to ""
[14.157s] -- Installing: /home/barracuda/icra_ws/src/icra_foodly_custom/install/foodly_rd_examples/lib/foodly_rd_examples/neck_control
[14.157s] -- Set runtime path of "/home/barracuda/icra_ws/src/icra_foodly_custom/install/foodly_rd_examples/lib/foodly_rd_examples/neck_control" to ""
[14.157s] -- Installing: /home/barracuda/icra_ws/src/icra_foodly_custom/install/foodly_rd_examples/lib/foodly_rd_examples/waist_control
[14.157s] -- Set runtime path of "/home/barracuda/icra_ws/src/icra_foodly_custom/install/foodly_rd_examples/lib/foodly_rd_examples/waist_control" to ""
[14.157s] -- Installing: /home/barracuda/icra_ws/src/icra_foodly_custom/install/foodly_rd_examples/lib/foodly_rd_examples/pick_and_place_right_arm_waist
[14.157s] -- Set runtime path of "/home/barracuda/icra_ws/src/icra_foodly_custom/install/foodly_rd_examples/lib/foodly_rd_examples/pick_and_place_right_arm_waist" to ""
[14.157s] -- Installing: /home/barracuda/icra_ws/src/icra_foodly_custom/install/foodly_rd_examples/lib/foodly_rd_examples/pick_and_place_left_arm
[14.158s] -- Set runtime path of "/home/barracuda/icra_ws/src/icra_foodly_custom/install/foodly_rd_examples/lib/foodly_rd_examples/pick_and_place_left_arm" to ""
[14.158s] -- Installing: /home/barracuda/icra_ws/src/icra_foodly_custom/install/foodly_rd_examples/share/foodly_rd_examples//launch
[14.158s] -- Installing: /home/barracuda/icra_ws/src/icra_foodly_custom/install/foodly_rd_examples/share/foodly_rd_examples//launch/demo.launch.py
[14.158s] -- Installing: /home/barracuda/icra_ws/src/icra_foodly_custom/install/foodly_rd_examples/share/foodly_rd_examples//launch/chest_camera_tracking.launch.py
[14.158s] -- Installing: /home/barracuda/icra_ws/src/icra_foodly_custom/install/foodly_rd_examples/share/foodly_rd_examples//launch/example.launch.py
[14.158s] -- Installing: /home/barracuda/icra_ws/src/icra_foodly_custom/install/foodly_rd_examples/share/foodly_rd_examples//launch/head_camera_tracking.launch.py
[14.158s] -- Installing: /home/barracuda/icra_ws/src/icra_foodly_custom/install/foodly_rd_examples/share/ament_index/resource_index/package_run_dependencies/foodly_rd_examples
[14.158s] -- Installing: /home/barracuda/icra_ws/src/icra_foodly_custom/install/foodly_rd_examples/share/ament_index/resource_index/parent_prefix_path/foodly_rd_examples
[14.158s] -- Installing: /home/barracuda/icra_ws/src/icra_foodly_custom/install/foodly_rd_examples/share/foodly_rd_examples/environment/ament_prefix_path.sh
[14.158s] -- Installing: /home/barracuda/icra_ws/src/icra_foodly_custom/install/foodly_rd_examples/share/foodly_rd_examples/environment/ament_prefix_path.dsv
[14.158s] -- Installing: /home/barracuda/icra_ws/src/icra_foodly_custom/install/foodly_rd_examples/share/foodly_rd_examples/environment/path.sh
[14.158s] -- Installing: /home/barracuda/icra_ws/src/icra_foodly_custom/install/foodly_rd_examples/share/foodly_rd_examples/environment/path.dsv
[14.158s] -- Installing: /home/barracuda/icra_ws/src/icra_foodly_custom/install/foodly_rd_examples/share/foodly_rd_examples/local_setup.bash
[14.158s] -- Installing: /home/barracuda/icra_ws/src/icra_foodly_custom/install/foodly_rd_examples/share/foodly_rd_examples/local_setup.sh
[14.158s] -- Installing: /home/barracuda/icra_ws/src/icra_foodly_custom/install/foodly_rd_examples/share/foodly_rd_examples/local_setup.zsh
[14.158s] -- Installing: /home/barracuda/icra_ws/src/icra_foodly_custom/install/foodly_rd_examples/share/foodly_rd_examples/local_setup.dsv
[14.158s] -- Installing: /home/barracuda/icra_ws/src/icra_foodly_custom/install/foodly_rd_examples/share/foodly_rd_examples/package.dsv
[14.158s] -- Installing: /home/barracuda/icra_ws/src/icra_foodly_custom/install/foodly_rd_examples/share/ament_index/resource_index/packages/foodly_rd_examples
[14.158s] -- Installing: /home/barracuda/icra_ws/src/icra_foodly_custom/install/foodly_rd_examples/share/ament_index/resource_index/rclcpp_components/foodly_rd_examples
[14.158s] -- Installing: /home/barracuda/icra_ws/src/icra_foodly_custom/install/foodly_rd_examples/share/foodly_rd_examples/cmake/export_pose_presetsExport.cmake
[14.158s] -- Installing: /home/barracuda/icra_ws/src/icra_foodly_custom/install/foodly_rd_examples/share/foodly_rd_examples/cmake/export_pose_presetsExport-noconfig.cmake
[14.159s] -- Installing: /home/barracuda/icra_ws/src/icra_foodly_custom/install/foodly_rd_examples/share/foodly_rd_examples/cmake/ament_cmake_export_targets-extras.cmake
[14.159s] -- Installing: /home/barracuda/icra_ws/src/icra_foodly_custom/install/foodly_rd_examples/share/foodly_rd_examples/cmake/ament_cmake_export_dependencies-extras.cmake
[14.159s] -- Installing: /home/barracuda/icra_ws/src/icra_foodly_custom/install/foodly_rd_examples/share/foodly_rd_examples/cmake/foodly_rd_examplesConfig.cmake
[14.159s] -- Installing: /home/barracuda/icra_ws/src/icra_foodly_custom/install/foodly_rd_examples/share/foodly_rd_examples/cmake/foodly_rd_examplesConfig-version.cmake
[14.159s] -- Installing: /home/barracuda/icra_ws/src/icra_foodly_custom/install/foodly_rd_examples/share/foodly_rd_examples/package.xml
[14.160s] Invoked command in '/home/barracuda/icra_ws/src/icra_foodly_custom/build/foodly_rd_examples' returned '0': AMENT_PREFIX_PATH=/home/barracuda/icra_ws/src/icra_foodly_custom/install/foodly_rd_moveit_config:/home/barracuda/icra_ws/src/icra_foodly_custom/install/foodly_rd_control:/home/barracuda/icra_ws/src/icra_foodly_custom/install/foodly_rd_description:${AMENT_PREFIX_PATH} CMAKE_PREFIX_PATH=/home/barracuda/icra_ws/src/icra_foodly_custom/install/foodly_rd_moveit_config:/home/barracuda/icra_ws/src/icra_foodly_custom/install/foodly_rd_control:/home/barracuda/icra_ws/src/icra_foodly_custom/install/foodly_rd_description:/home/barracuda/icra_ws/install/nekonote_conveyor_control:/home/barracuda/icra_ws/install/icra_perception:/home/barracuda/icra_ws/install/foodly_rd:/home/barracuda/icra_ws/install/foodly_rd_vision:/home/barracuda/icra_ws/install/foodly_rd_tools:/home/barracuda/icra_ws/install/foodly_rd_examples:/home/barracuda/icra_ws/install/foodly_rd_moveit_config:/home/barracuda/icra_ws/install/foodly_rd_gazebo:/home/barracuda/icra_ws/install/foodly_rd_control:/home/barracuda/icra_ws/install/foodly_rd_description:/opt/ros/humble LD_LIBRARY_PATH=/home/barracuda/icra_ws/src/icra_foodly_custom/install/foodly_rd_control/lib:${LD_LIBRARY_PATH} PYTHONPATH=/home/barracuda/icra_ws/src/icra_foodly_custom/install/foodly_rd_description/local/lib/python3.10/dist-packages:${PYTHONPATH} /usr/bin/cmake --install /home/barracuda/icra_ws/src/icra_foodly_custom/build/foodly_rd_examples
