[0.022s] Invoking command in '/home/softrobot/foodly_icra/src/icra_foodly_custom/build/custom_msg': CMAKE_PREFIX_PATH=${CMAKE_PREFIX_PATH}:/home/softrobot/ros2_ws/install/robot_hive:/home/softrobot/ros2_ws/install/my_python_pkg:/home/softrobot/ros2_ws/install/executors_py:/home/softrobot/ros2_ws/install/action_py:/home/softrobot/ros2_ws/src/install/action_py:/home/softrobot/ws_moveit2/install/moveit_configs_utils:/home/softrobot/ws_moveit2/install/launch_param_builder:/opt/ros/humble /usr/bin/cmake /home/softrobot/foodly_icra/src/icra_foodly_custom/custom_msg -DCMAKE_INSTALL_PREFIX=/home/softrobot/foodly_icra/src/icra_foodly_custom/install/custom_msg
[0.037s] [33mCMake Warning (dev) at CMakeLists.txt:13:
[0.037s]   Syntax Warning in cmake code at column 29
[0.037s] 
[0.037s]   Argument not separated from preceding token by whitespace.
[0.037s] This warning is for project developers.  Use -Wno-dev to suppress it.
[0.037s] [0m
[0.041s] -- Found ament_cmake: 1.3.8 (/opt/ros/humble/share/ament_cmake/cmake)
[0.190s] -- Found rosidl_default_generators: 1.2.0 (/opt/ros/humble/share/rosidl_default_generators/cmake)
[0.203s] -- Using all available rosidl_typesupport_c: rosidl_typesupport_fastrtps_c;rosidl_typesupport_introspection_c
[0.206s] -- Found rosidl_adapter: 3.1.5 (/opt/ros/humble/share/rosidl_adapter/cmake)
[0.243s] -- Using all available rosidl_typesupport_cpp: rosidl_typesupport_fastrtps_cpp;rosidl_typesupport_introspection_cpp
[0.269s] [31mCMake Error at /opt/ros/humble/share/rosidl_cmake/cmake/rosidl_generate_interfaces.cmake:93 (message):
[0.269s]   rosidl_generate_interfaces() the passed file ',' doesn't exist relative to
[0.269s]   the CMAKE_CURRENT_SOURCE_DIR
[0.269s]   '/home/softrobot/foodly_icra/src/icra_foodly_custom/custom_msg'
[0.269s] Call Stack (most recent call first):
[0.269s]   CMakeLists.txt:12 (rosidl_generate_interfaces)
[0.270s] 
[0.270s] [0m
[0.270s] -- Configuring incomplete, errors occurred!
[0.270s] See also "/home/softrobot/foodly_icra/src/icra_foodly_custom/build/custom_msg/CMakeFiles/CMakeOutput.log".
[0.273s] Invoked command in '/home/softrobot/foodly_icra/src/icra_foodly_custom/build/custom_msg' returned '1': CMAKE_PREFIX_PATH=${CMAKE_PREFIX_PATH}:/home/softrobot/ros2_ws/install/robot_hive:/home/softrobot/ros2_ws/install/my_python_pkg:/home/softrobot/ros2_ws/install/executors_py:/home/softrobot/ros2_ws/install/action_py:/home/softrobot/ros2_ws/src/install/action_py:/home/softrobot/ws_moveit2/install/moveit_configs_utils:/home/softrobot/ws_moveit2/install/launch_param_builder:/opt/ros/humble /usr/bin/cmake /home/softrobot/foodly_icra/src/icra_foodly_custom/custom_msg -DCMAKE_INSTALL_PREFIX=/home/softrobot/foodly_icra/src/icra_foodly_custom/install/custom_msg
