-- The C compiler identification is GNU 11.4.0
-- The CXX compiler identification is GNU 11.4.0
-- Detecting C compiler ABI info
-- Detecting C compiler ABI info - done
-- Check for working C compiler: /usr/bin/cc - skipped
-- Detecting C compile features
-- Detecting C compile features - done
-- Detecting CXX compiler ABI info
-- Detecting CXX compiler ABI info - done
-- Check for working CXX compiler: /usr/bin/c++ - skipped
-- Detecting CXX compile features
-- Detecting CXX compile features - done
-- Found ament_cmake: 1.3.8 (/opt/ros/humble/share/ament_cmake/cmake)
-- Found Python3: /usr/bin/python3 (found version "3.10.12") found components: Interpreter 
-- Found hardware_interface: 2.40.0 (/opt/ros/humble/share/hardware_interface/cmake)
-- Found rosidl_generator_c: 3.1.5 (/opt/ros/humble/share/rosidl_generator_c/cmake)
-- Found rosidl_adapter: 3.1.5 (/opt/ros/humble/share/rosidl_adapter/cmake)
-- Found rosidl_generator_cpp: 3.1.5 (/opt/ros/humble/share/rosidl_generator_cpp/cmake)
-- Using all available rosidl_typesupport_c: rosidl_typesupport_fastrtps_c;rosidl_typesupport_introspection_c
-- Using all available rosidl_typesupport_cpp: rosidl_typesupport_fastrtps_cpp;rosidl_typesupport_introspection_cpp
-- Found rmw_implementation_cmake: 6.1.1 (/opt/ros/humble/share/rmw_implementation_cmake/cmake)
-- Found rmw_fastrtps_cpp: 6.2.6 (/opt/ros/humble/share/rmw_fastrtps_cpp/cmake)
-- Found TinyXML2 via Config file: TinyXML2_DIR-NOTFOUND
-- Found OpenSSL: /usr/lib/x86_64-linux-gnu/libcrypto.so (found version "3.0.2")  
-- Found TinyXML2 via Config file: TinyXML2_DIR-NOTFOUND
-- Found FastRTPS: /opt/ros/humble/include  
-- Found TinyXML2 via Config file: TinyXML2_DIR-NOTFOUND
-- Found TinyXML2 via Config file: TinyXML2_DIR-NOTFOUND
-- Using RMW implementation 'rmw_fastrtps_cpp' as default
-- Looking for pthread.h
-- Looking for pthread.h - found
-- Performing Test CMAKE_HAVE_LIBC_PTHREAD
-- Performing Test CMAKE_HAVE_LIBC_PTHREAD - Success
-- Found Threads: TRUE  
-- Found rt_manipulators_cpp: 1.0.0 (/opt/ros/humble/share/rt_manipulators_cpp/cmake)
-- Found ament_lint_auto: 0.12.10 (/opt/ros/humble/share/ament_lint_auto/cmake)
-- Added test 'cppcheck' to perform static code analysis on C / C++ code
-- Configured cppcheck include dirs: /home/barracuda/icra_ws/src/icra_foodly_custom/foodly_rd_control/include
-- Configured cppcheck exclude dirs and/or files: 
-- Added test 'cpplint' to check C / C++ code against the Google style
-- Configured cpplint exclude dirs and/or files: 
-- Added test 'flake8' to check Python code syntax and style conventions
-- Added test 'lint_cmake' to check CMake code style
-- Added test 'pep257' to check Python code against some of the docstring style conventions in PEP 257
-- Added test 'uncrustify' to check C / C++ code style
-- Configured uncrustify additional arguments: 
-- Added test 'xmllint' to check XML markup files
-- Configuring done
-- Generating done
-- Build files have been written to: /home/barracuda/icra_ws/src/icra_foodly_custom/build/foodly_rd_control
[ 50%] [32mBuilding CXX object CMakeFiles/foodly_rd_hardware.dir/src/foodly_rd_hardware.cpp.o[0m
[100%] [32m[1mLinking CXX shared library libfoodly_rd_hardware.so[0m
[100%] Built target foodly_rd_hardware
-- Install configuration: ""
-- Installing: /home/barracuda/icra_ws/src/icra_foodly_custom/install/foodly_rd_control/share/foodly_rd_control/foodly_rd_hardware.xml
-- Installing: /home/barracuda/icra_ws/src/icra_foodly_custom/install/foodly_rd_control/lib/libfoodly_rd_hardware.so
-- Set runtime path of "/home/barracuda/icra_ws/src/icra_foodly_custom/install/foodly_rd_control/lib/libfoodly_rd_hardware.so" to ""
-- Installing: /home/barracuda/icra_ws/src/icra_foodly_custom/install/foodly_rd_control/include
-- Installing: /home/barracuda/icra_ws/src/icra_foodly_custom/install/foodly_rd_control/include/foodly_rd_control
-- Installing: /home/barracuda/icra_ws/src/icra_foodly_custom/install/foodly_rd_control/include/foodly_rd_control/foodly_rd_hardware.hpp
-- Installing: /home/barracuda/icra_ws/src/icra_foodly_custom/install/foodly_rd_control/include/foodly_rd_control/visibility_control.h
-- Installing: /home/barracuda/icra_ws/src/icra_foodly_custom/install/foodly_rd_control/share/foodly_rd_control//launch
-- Installing: /home/barracuda/icra_ws/src/icra_foodly_custom/install/foodly_rd_control/share/foodly_rd_control//launch/foodly_rd_control.launch.py
-- Installing: /home/barracuda/icra_ws/src/icra_foodly_custom/install/foodly_rd_control/share/foodly_rd_control//config
-- Installing: /home/barracuda/icra_ws/src/icra_foodly_custom/install/foodly_rd_control/share/foodly_rd_control//config/foodly_rd_controllers.yaml
-- Installing: /home/barracuda/icra_ws/src/icra_foodly_custom/install/foodly_rd_control/share/foodly_rd_control//config/left_manipulator_config.yaml
-- Installing: /home/barracuda/icra_ws/src/icra_foodly_custom/install/foodly_rd_control/share/foodly_rd_control//config/right_manipulator_config.yaml
-- Installing: /home/barracuda/icra_ws/src/icra_foodly_custom/install/foodly_rd_control/share/foodly_rd_control//config/center_manipulator_config.yaml
-- Installing: /home/barracuda/icra_ws/src/icra_foodly_custom/install/foodly_rd_control/share/foodly_rd_control/environment/library_path.sh
-- Installing: /home/barracuda/icra_ws/src/icra_foodly_custom/install/foodly_rd_control/share/foodly_rd_control/environment/library_path.dsv
-- Installing: /home/barracuda/icra_ws/src/icra_foodly_custom/install/foodly_rd_control/share/ament_index/resource_index/package_run_dependencies/foodly_rd_control
-- Installing: /home/barracuda/icra_ws/src/icra_foodly_custom/install/foodly_rd_control/share/ament_index/resource_index/parent_prefix_path/foodly_rd_control
-- Installing: /home/barracuda/icra_ws/src/icra_foodly_custom/install/foodly_rd_control/share/foodly_rd_control/environment/ament_prefix_path.sh
-- Installing: /home/barracuda/icra_ws/src/icra_foodly_custom/install/foodly_rd_control/share/foodly_rd_control/environment/ament_prefix_path.dsv
-- Installing: /home/barracuda/icra_ws/src/icra_foodly_custom/install/foodly_rd_control/share/foodly_rd_control/environment/path.sh
-- Installing: /home/barracuda/icra_ws/src/icra_foodly_custom/install/foodly_rd_control/share/foodly_rd_control/environment/path.dsv
-- Installing: /home/barracuda/icra_ws/src/icra_foodly_custom/install/foodly_rd_control/share/foodly_rd_control/local_setup.bash
-- Installing: /home/barracuda/icra_ws/src/icra_foodly_custom/install/foodly_rd_control/share/foodly_rd_control/local_setup.sh
-- Installing: /home/barracuda/icra_ws/src/icra_foodly_custom/install/foodly_rd_control/share/foodly_rd_control/local_setup.zsh
-- Installing: /home/barracuda/icra_ws/src/icra_foodly_custom/install/foodly_rd_control/share/foodly_rd_control/local_setup.dsv
-- Installing: /home/barracuda/icra_ws/src/icra_foodly_custom/install/foodly_rd_control/share/foodly_rd_control/package.dsv
-- Installing: /home/barracuda/icra_ws/src/icra_foodly_custom/install/foodly_rd_control/share/ament_index/resource_index/packages/foodly_rd_control
-- Installing: /home/barracuda/icra_ws/src/icra_foodly_custom/install/foodly_rd_control/share/ament_index/resource_index/hardware_interface__pluginlib__plugin/foodly_rd_control
-- Installing: /home/barracuda/icra_ws/src/icra_foodly_custom/install/foodly_rd_control/share/foodly_rd_control/cmake/ament_cmake_export_include_directories-extras.cmake
-- Installing: /home/barracuda/icra_ws/src/icra_foodly_custom/install/foodly_rd_control/share/foodly_rd_control/cmake/ament_cmake_export_libraries-extras.cmake
-- Installing: /home/barracuda/icra_ws/src/icra_foodly_custom/install/foodly_rd_control/share/foodly_rd_control/cmake/ament_cmake_export_dependencies-extras.cmake
-- Installing: /home/barracuda/icra_ws/src/icra_foodly_custom/install/foodly_rd_control/share/foodly_rd_control/cmake/foodly_rd_controlConfig.cmake
-- Installing: /home/barracuda/icra_ws/src/icra_foodly_custom/install/foodly_rd_control/share/foodly_rd_control/cmake/foodly_rd_controlConfig-version.cmake
-- Installing: /home/barracuda/icra_ws/src/icra_foodly_custom/install/foodly_rd_control/share/foodly_rd_control/package.xml
